<?xml version="1.0" encoding="UTF-8"?>
<testng-results skipped="0" failed="0" ignored="0" total="0" passed="0">
  <reporter-output>
  </reporter-output>
  <suite name="com.project.saibaba.AppTest" duration-ms="4" started-at="2019-09-13T05:19:30Z" finished-at="2019-09-13T05:19:30Z">
    <groups>
    </groups>
    <test name="Command line test" duration-ms="4" started-at="2019-09-13T05:19:30Z" finished-at="2019-09-13T05:19:30Z">
    </test> <!-- Command line test -->
  </suite> <!-- com.project.saibaba.AppTest -->
</testng-results>
